#-----------------------------------------------------------
# Vivado v2018.2 (64-bit)
# SW Build 2258646 on Thu Jun 14 20:03:12 MDT 2018
# IP Build 2256618 on Thu Jun 14 22:10:49 MDT 2018
# Start of session at: Sun Oct  9 23:23:30 2022
# Process ID: 13692
# Current directory: C:/Users/johnc/Documents/Sch Stuff/Year 2/Sem 1/EE2026/Gitrepo/EE2026-Project
# Command line: vivado.exe -gui_launcher_event rodinguilauncherevent1196 C:\Users\johnc\Documents\Sch Stuff\Year 2\Sem 1\EE2026\Gitrepo\EE2026-Project\SoundDisplay.xpr
# Log file: C:/Users/johnc/Documents/Sch Stuff/Year 2/Sem 1/EE2026/Gitrepo/EE2026-Project/vivado.log
# Journal file: C:/Users/johnc/Documents/Sch Stuff/Year 2/Sem 1/EE2026/Gitrepo/EE2026-Project\vivado.jou
#-----------------------------------------------------------
start_gui
open_project {C:/Users/johnc/Documents/Sch Stuff/Year 2/Sem 1/EE2026/Gitrepo/EE2026-Project/SoundDisplay.xpr}
INFO: [Project 1-313] Project file moved from 'C:/Users/johnc/Documents/Sch Stuff/Year 2/Sem 1/EE2026/Project/SoundDisplay/SoundDisplay' since last save.
WARNING: [Project 1-312] File not found as 'C:/Users/johnc/Documents/Sch Stuff/Year 2/Sem 1/EE2026/Gitrepo/EE2026-Project/SoundDisplay.srcs/sources_1/new/Audio_Capture.v'; using path 'C:/Users/johnc/Documents/Sch Stuff/Year 2/Sem 1/EE2026/Project/SoundDisplay/SoundDisplay/SoundDisplay.srcs/sources_1/new/Audio_Capture.v' instead.
WARNING: [Project 1-312] File not found as 'C:/Users/johnc/Documents/Sch Stuff/Year 2/Sem 1/EE2026/Gitrepo/EE2026-Project/SoundDisplay.srcs/sources_1/new/CLOCK_20khz.v'; using path 'C:/Users/johnc/Documents/Sch Stuff/Year 2/Sem 1/EE2026/Project/SoundDisplay/SoundDisplay/SoundDisplay.srcs/sources_1/new/CLOCK_20khz.v' instead.
WARNING: [Project 1-312] File not found as 'C:/Users/johnc/Documents/Sch Stuff/Year 2/Sem 1/EE2026/Gitrepo/EE2026-Project/SoundDisplay.srcs/sources_1/new/OLED_button.v'; using path 'C:/Users/johnc/Documents/Sch Stuff/Year 2/Sem 1/EE2026/Project/SoundDisplay/SoundDisplay/SoundDisplay.srcs/sources_1/new/OLED_button.v' instead.
WARNING: [Project 1-312] File not found as 'C:/Users/johnc/Documents/Sch Stuff/Year 2/Sem 1/EE2026/Gitrepo/EE2026-Project/SoundDisplay.srcs/sources_1/new/Oled_Display.v'; using path 'C:/Users/johnc/Documents/Sch Stuff/Year 2/Sem 1/EE2026/Project/SoundDisplay/SoundDisplay/SoundDisplay.srcs/sources_1/new/Oled_Display.v' instead.
WARNING: [Project 1-312] File not found as 'C:/Users/johnc/Documents/Sch Stuff/Year 2/Sem 1/EE2026/Gitrepo/EE2026-Project/SoundDisplay.srcs/sources_1/new/coordinates.v'; using path 'C:/Users/johnc/Documents/Sch Stuff/Year 2/Sem 1/EE2026/Project/SoundDisplay/SoundDisplay/SoundDisplay.srcs/sources_1/new/coordinates.v' instead.
WARNING: [Project 1-312] File not found as 'C:/Users/johnc/Documents/Sch Stuff/Year 2/Sem 1/EE2026/Gitrepo/EE2026-Project/SoundDisplay.srcs/sources_1/new/Top_Student.v'; using path 'C:/Users/johnc/Documents/Sch Stuff/Year 2/Sem 1/EE2026/Project/SoundDisplay/SoundDisplay/SoundDisplay.srcs/sources_1/new/Top_Student.v' instead.
WARNING: [Project 1-312] File not found as 'C:/Users/johnc/Documents/Sch Stuff/Year 2/Sem 1/EE2026/Gitrepo/EE2026-Project/SoundDisplay.srcs/constrs_1/new/Basys3_Master.xdc'; using path 'C:/Users/johnc/Documents/Sch Stuff/Year 2/Sem 1/EE2026/Project/SoundDisplay/SoundDisplay/SoundDisplay.srcs/constrs_1/new/Basys3_Master.xdc' instead.
WARNING: [Project 1-312] File not found as 'C:/Users/johnc/Documents/Sch Stuff/Year 2/Sem 1/EE2026/Gitrepo/EE2026-Project/SoundDisplay.srcs/sim_1/new/OLED_button_test.v'; using path 'C:/Users/johnc/Documents/Sch Stuff/Year 2/Sem 1/EE2026/Project/SoundDisplay/SoundDisplay/SoundDisplay.srcs/sim_1/new/OLED_button_test.v' instead.
WARNING: [Project 1-312] File not found as 'C:/Users/johnc/Documents/Sch Stuff/Year 2/Sem 1/EE2026/Gitrepo/EE2026-Project/SoundDisplay.srcs/sim_1/new/CLOCK_20khz_sim.v'; using path 'C:/Users/johnc/Documents/Sch Stuff/Year 2/Sem 1/EE2026/Project/SoundDisplay/SoundDisplay/SoundDisplay.srcs/sim_1/new/CLOCK_20khz_sim.v' instead.
Scanning sources...
Finished scanning sources
WARNING: [Project 1-509] GeneratedRun file for 'synth_1' not found
WARNING: [Project 1-509] GeneratedRun file for 'impl_1' not found
INFO: [filemgmt 56-1] IPUserFilesDir: Directory not found as 'C:/Users/johnc/Documents/Sch Stuff/Year 2/Sem 1/EE2026/Gitrepo/EE2026-Project/SoundDisplay.ip_user_files'; using path 'C:/Users/johnc/Documents/Sch Stuff/Year 2/Sem 1/EE2026/Project/SoundDisplay/SoundDisplay/SoundDisplay.ip_user_files' instead.
INFO: [IP_Flow 19-234] Refreshing IP repositories
INFO: [IP_Flow 19-1704] No user IP repositories specified
INFO: [IP_Flow 19-2313] Loaded Vivado IP repository 'C:/Xilinx/Vivado/2018.2/data/ip'.
open_project: Time (s): cpu = 00:00:22 ; elapsed = 00:00:09 . Memory (MB): peak = 827.734 ; gain = 92.621
update_compile_order -fileset sources_1
exit
INFO: [Common 17-206] Exiting Vivado at Sun Oct  9 23:24:52 2022...
