#-----------------------------------------------------------
# Vivado v2018.2 (64-bit)
# SW Build 2258646 on Thu Jun 14 20:03:12 MDT 2018
# IP Build 2256618 on Thu Jun 14 22:10:49 MDT 2018
# Start of session at: Thu Oct 20 14:23:38 2022
# Process ID: 6180
# Current directory: C:/Users/Shayer Ahmed/Documents/GitHub/EE2026-Project
# Command line: vivado.exe -gui_launcher_event rodinguilauncherevent11848 C:\Users\Shayer Ahmed\Documents\GitHub\EE2026-Project\SoundDisplay.xpr
# Log file: C:/Users/Shayer Ahmed/Documents/GitHub/EE2026-Project/vivado.log
# Journal file: C:/Users/Shayer Ahmed/Documents/GitHub/EE2026-Project\vivado.jou
#-----------------------------------------------------------
start_gui
open_project {C:/Users/Shayer Ahmed/Documents/GitHub/EE2026-Project/SoundDisplay.xpr}
INFO: [Project 1-313] Project file moved from 'C:/Users/johnc/Documents/Sch Stuff/Year 2/Sem 1/EE2026/Gitrepo/EE2026-Project' since last save.
Scanning sources...
Finished scanning sources
INFO: [IP_Flow 19-234] Refreshing IP repositories
INFO: [IP_Flow 19-1704] No user IP repositories specified
INFO: [IP_Flow 19-2313] Loaded Vivado IP repository 'C:/Xilinx/Vivado/2018.2/data/ip'.
open_project: Time (s): cpu = 00:00:16 ; elapsed = 00:00:14 . Memory (MB): peak = 767.777 ; gain = 81.547
update_compile_order -fileset sources_1
exit
INFO: [Common 17-206] Exiting Vivado at Thu Oct 20 15:05:25 2022...
